# JRE version: OpenJDK Runtime Environment (17.0.19+11) (build 17.0.19+11-LTS)
# Java VM: OpenJDK 64-Bit Server VM (17.0.19+11-LTS, mixed mode, sharing, tiered, compressed oops, compressed class ptrs, g1 gc, windows-amd64)
GC Precious Log:
 CPUs: 20 total, 20 available
 Memory: 40797M
 Large Page Support: Disabled
 NUMA Support: Disabled
 Compressed Oops: Enabled (Zero based)
 Heap Region Size: 8M
 Heap Min Capacity: 8M
 Heap Initial Capacity: 640M
 Heap Max Capacity: 10200M
 Pre-touch: Disabled
 Parallel Workers: 15
 Concurrent Workers: 4
 Concurrent Refinement Workers: 15
 Periodic GC: Disabled
Heap:
 garbage-first heap   total 2007040K, used 832697K [0x0000000582800000, 0x0000000800000000)
  region size 8192K, 8 young (65536K), 1 survivors (8192K)
 Metaspace       used 42410K, committed 43008K, reserved 1114112K
  class space    used 5311K, committed 5568K, reserved 1048576K
GC Heap History (20 events):
Event: 105.163 GC heap before
{Heap before GC invocations=39 (full 0):
 garbage-first heap   total 589824K, used 260800K [0x0000000582800000, 0x0000000800000000)
  region size 8192K, 2 young (16384K), 1 survivors (8192K)
 Metaspace       used 40282K, committed 40832K, reserved 1114112K
  class space    used 5149K, committed 5440K, reserved 1048576K
}
Event: 105.164 GC heap after
{Heap after GC invocations=40 (full 0):
 garbage-first heap   total 589824K, used 244400K [0x0000000582800000, 0x0000000800000000)
  region size 8192K, 1 young (8192K), 1 survivors (8192K)
 Metaspace       used 40282K, committed 40832K, reserved 1114112K
  class space    used 5149K, committed 5440K, reserved 1048576K
}
Event: 105.189 GC heap before
{Heap before GC invocations=40 (full 0):
 garbage-first heap   total 589824K, used 260784K [0x0000000582800000, 0x0000000800000000)
  region size 8192K, 2 young (16384K), 1 survivors (8192K)
 Metaspace       used 40284K, committed 40832K, reserved 1114112K
  class space    used 5149K, committed 5440K, reserved 1048576K
}
Event: 105.192 GC heap after
{Heap after GC invocations=41 (full 0):
 garbage-first heap   total 1425408K, used 260782K [0x0000000582800000, 0x0000000800000000)
  region size 8192K, 1 young (8192K), 1 survivors (8192K)
 Metaspace       used 40284K, committed 40832K, reserved 1114112K
  class space    used 5149K, committed 5440K, reserved 1048576K
}
Event: 685.484 GC heap before
{Heap before GC invocations=41 (full 0):
 garbage-first heap   total 1425408K, used 883374K [0x0000000582800000, 0x0000000800000000)
  region size 8192K, 33 young (270336K), 1 survivors (8192K)
 Metaspace       used 40817K, committed 41344K, reserved 1114112K
  class space    used 5153K, committed 5440K, reserved 1048576K
}
Event: 685.485 GC heap after
{Heap after GC invocations=42 (full 0):
 garbage-first heap   total 1425408K, used 622123K [0x0000000582800000, 0x0000000800000000)
  region size 8192K, 1 young (8192K), 1 survivors (8192K)
 Metaspace       used 40817K, committed 41344K, reserved 1114112K
  class space    used 5153K, committed 5440K, reserved 1048576K
}
Event: 685.515 GC heap before
{Heap before GC invocations=42 (full 0):
 garbage-first heap   total 1425408K, used 638507K [0x0000000582800000, 0x0000000800000000)
  region size 8192K, 2 young (16384K), 1 survivors (8192K)
 Metaspace       used 40829K, committed 41344K, reserved 1114112K
  class space    used 5153K, committed 5440K, reserved 1048576K
}
Event: 685.516 GC heap after
{Heap after GC invocations=43 (full 0):
 garbage-first heap   total 1425408K, used 261668K [0x0000000582800000, 0x0000000800000000)
  region size 8192K, 1 young (8192K), 1 survivors (8192K)
 Metaspace       used 40829K, committed 41344K, reserved 1114112K
  class space    used 5153K, committed 5440K, reserved 1048576K
}
Event: 688.553 GC heap before
{Heap before GC invocations=43 (full 0):
 garbage-first heap   total 1425408K, used 671268K [0x0000000582800000, 0x0000000800000000)
  region size 8192K, 6 young (49152K), 1 survivors (8192K)
 Metaspace       used 40990K, committed 41600K, reserved 1114112K
  class space    used 5168K, committed 5440K, reserved 1048576K
}
Event: 688.554 GC heap after
{Heap after GC invocations=44 (full 0):
 garbage-first heap   total 1425408K, used 624987K [0x0000000582800000, 0x0000000800000000)
  region size 8192K, 1 young (8192K), 1 survivors (8192K)
 Metaspace       used 40990K, committed 41600K, reserved 1114112K
  class space    used 5168K, committed 5440K, reserved 1048576K
}
Event: 688.584 GC heap before
{Heap before GC invocations=44 (full 0):
 garbage-first heap   total 1425408K, used 641371K [0x0000000582800000, 0x0000000800000000)
  region size 8192K, 2 young (16384K), 1 survivors (8192K)
 Metaspace       used 40991K, committed 41600K, reserved 1114112K
  class space    used 5168K, committed 5440K, reserved 1048576K
}
Event: 688.585 GC heap after
{Heap after GC invocations=45 (full 0):
 garbage-first heap   total 1425408K, used 264447K [0x0000000582800000, 0x0000000800000000)
  region size 8192K, 1 young (8192K), 1 survivors (8192K)
 Metaspace       used 40991K, committed 41600K, reserved 1114112K
  class space    used 5168K, committed 5440K, reserved 1048576K
}
Event: 690.119 GC heap before
{Heap before GC invocations=45 (full 0):
 garbage-first heap   total 1425408K, used 657663K [0x0000000582800000, 0x0000000800000000)
  region size 8192K, 5 young (40960K), 1 survivors (8192K)
 Metaspace       used 41544K, committed 42176K, reserved 1114112K
  class space    used 5246K, committed 5568K, reserved 1048576K
}
Event: 690.120 GC heap after
{Heap after GC invocations=46 (full 0):
 garbage-first heap   total 1425408K, used 626096K [0x0000000582800000, 0x0000000800000000)
  region size 8192K, 1 young (8192K), 1 survivors (8192K)
 Metaspace       used 41544K, committed 42176K, reserved 1114112K
  class space    used 5246K, committed 5568K, reserved 1048576K
}
Event: 690.162 GC heap before
{Heap before GC invocations=46 (full 0):
 garbage-first heap   total 1425408K, used 642480K [0x0000000582800000, 0x0000000800000000)
  region size 8192K, 2 young (16384K), 1 survivors (8192K)
 Metaspace       used 41570K, committed 42240K, reserved 1114112K
  class space    used 5246K, committed 5568K, reserved 1048576K
}
Event: 690.163 GC heap after
{Heap after GC invocations=47 (full 0):
 garbage-first heap   total 1425408K, used 265645K [0x0000000582800000, 0x0000000800000000)
  region size 8192K, 1 young (8192K), 1 survivors (8192K)
 Metaspace       used 41570K, committed 42240K, reserved 1114112K
  class space    used 5246K, committed 5568K, reserved 1048576K
}
Event: 700.534 GC heap before
{Heap before GC invocations=47 (full 0):
 garbage-first heap   total 1425408K, used 765357K [0x0000000582800000, 0x0000000800000000)
  region size 8192K, 18 young (147456K), 1 survivors (8192K)
 Metaspace       used 42257K, committed 42880K, reserved 1114112K
  class space    used 5296K, committed 5568K, reserved 1048576K
}
Event: 700.537 GC heap after
{Heap after GC invocations=48 (full 0):
 garbage-first heap   total 2007040K, used 627821K [0x0000000582800000, 0x0000000800000000)
  region size 8192K, 1 young (8192K), 1 survivors (8192K)
 Metaspace       used 42257K, committed 42880K, reserved 1114112K
  class space    used 5296K, committed 5568K, reserved 1048576K
}
Event: 701.041 GC heap before
{Heap before GC invocations=48 (full 0):
 garbage-first heap   total 2007040K, used 930925K [0x0000000582800000, 0x0000000800000000)
  region size 8192K, 5 young (40960K), 1 survivors (8192K)
 Metaspace       used 42286K, committed 42880K, reserved 1114112K
  class space    used 5298K, committed 5568K, reserved 1048576K
}
Event: 701.043 GC heap after
{Heap after GC invocations=49 (full 0):
 garbage-first heap   total 2007040K, used 529593K [0x0000000582800000, 0x0000000800000000)
  region size 8192K, 1 young (8192K), 1 survivors (8192K)
 Metaspace       used 42286K, committed 42880K, reserved 1114112K
  class space    used 5298K, committed 5568K, reserved 1048576K
}

