# JRE version: OpenJDK Runtime Environment (17.0.6+10) (build 17.0.6+10-LTS)
# Java VM: OpenJDK 64-Bit Server VM (17.0.6+10-LTS, mixed mode, sharing, tiered, compressed oops, compressed class ptrs, g1 gc, windows-amd64)
GC Precious Log:
 CPUs: 20 total, 20 available
 Memory: 32669M
 Large Page Support: Disabled
 NUMA Support: Disabled
 Compressed Oops: Enabled (32-bit)
 Heap Region Size: 1M
 Heap Min Capacity: 256M
 Heap Initial Capacity: 256M
 Heap Max Capacity: 512M
 Pre-touch: Disabled
 Parallel Workers: 15
 Concurrent Workers: 4
 Concurrent Refinement Workers: 15
 Periodic GC: Disabled
Heap:
 garbage-first heap   total 262144K, used 102558K [0x00000000e0000000, 0x0000000100000000)
  region size 1024K, 25 young (25600K), 10 survivors (10240K)
 Metaspace       used 46601K, committed 47104K, reserved 364544K
  class space    used 6547K, committed 6784K, reserved 315392K
GC Heap History (10 events):
Event: 0.407 GC heap before
{Heap before GC invocations=0 (full 0):
 garbage-first heap   total 262144K, used 26624K [0x00000000e0000000, 0x0000000100000000)
  region size 1024K, 23 young (23552K), 0 survivors (0K)
 Metaspace       used 3063K, committed 3200K, reserved 323584K
  class space    used 389K, committed 448K, reserved 315392K
}
Event: 0.410 GC heap after
{Heap after GC invocations=1 (full 0):
 garbage-first heap   total 262144K, used 10520K [0x00000000e0000000, 0x0000000100000000)
  region size 1024K, 3 young (3072K), 3 survivors (3072K)
 Metaspace       used 3063K, committed 3200K, reserved 323584K
  class space    used 389K, committed 448K, reserved 315392K
}
Event: 0.690 GC heap before
{Heap before GC invocations=1 (full 0):
 garbage-first heap   total 262144K, used 38168K [0x00000000e0000000, 0x0000000100000000)
  region size 1024K, 30 young (30720K), 3 survivors (3072K)
 Metaspace       used 4066K, committed 4224K, reserved 323584K
  class space    used 493K, committed 576K, reserved 315392K
}
Event: 0.692 GC heap after
{Heap after GC invocations=2 (full 0):
 garbage-first heap   total 262144K, used 11374K [0x00000000e0000000, 0x0000000100000000)
  region size 1024K, 1 young (1024K), 1 survivors (1024K)
 Metaspace       used 4066K, committed 4224K, reserved 323584K
  class space    used 493K, committed 576K, reserved 315392K
}
Event: 2.019 GC heap before
{Heap before GC invocations=2 (full 0):
 garbage-first heap   total 262144K, used 139374K [0x00000000e0000000, 0x0000000100000000)
  region size 1024K, 121 young (123904K), 1 survivors (1024K)
 Metaspace       used 21209K, committed 21504K, reserved 339968K
  class space    used 3133K, committed 3264K, reserved 315392K
}
Event: 2.025 GC heap after
{Heap after GC invocations=3 (full 0):
 garbage-first heap   total 262144K, used 27951K [0x00000000e0000000, 0x0000000100000000)
  region size 1024K, 12 young (12288K), 12 survivors (12288K)
 Metaspace       used 21209K, committed 21504K, reserved 339968K
  class space    used 3133K, committed 3264K, reserved 315392K
}
Event: 3.142 GC heap before
{Heap before GC invocations=4 (full 0):
 garbage-first heap   total 262144K, used 171311K [0x00000000e0000000, 0x0000000100000000)
  region size 1024K, 122 young (124928K), 12 survivors (12288K)
 Metaspace       used 35621K, committed 35968K, reserved 348160K
  class space    used 4912K, committed 5056K, reserved 315392K
}
Event: 3.150 GC heap after
{Heap after GC invocations=5 (full 0):
 garbage-first heap   total 262144K, used 66126K [0x00000000e0000000, 0x0000000100000000)
  region size 1024K, 11 young (11264K), 11 survivors (11264K)
 Metaspace       used 35621K, committed 35968K, reserved 348160K
  class space    used 4912K, committed 5056K, reserved 315392K
}
Event: 4.295 GC heap before
{Heap before GC invocations=6 (full 0):
 garbage-first heap   total 262144K, used 201294K [0x00000000e0000000, 0x0000000100000000)
  region size 1024K, 129 young (132096K), 11 survivors (11264K)
 Metaspace       used 46549K, committed 47104K, reserved 364544K
  class space    used 6545K, committed 6784K, reserved 315392K
}
Event: 4.302 GC heap after
{Heap after GC invocations=7 (full 0):
 garbage-first heap   total 262144K, used 88222K [0x00000000e0000000, 0x0000000100000000)
  region size 1024K, 10 young (10240K), 10 survivors (10240K)
 Metaspace       used 46549K, committed 47104K, reserved 364544K
  class space    used 6545K, committed 6784K, reserved 315392K
}

