# JRE version: OpenJDK Runtime Environment (17.0.19+11) (build 17.0.19+11-LTS)
# Java VM: OpenJDK 64-Bit Server VM (17.0.19+11-LTS, mixed mode, sharing, tiered, compressed oops, compressed class ptrs, g1 gc, windows-amd64)
GC Precious Log:
 CPUs: 20 total, 20 available
 Memory: 40797M
 Large Page Support: Disabled
 NUMA Support: Disabled
 Compressed Oops: Enabled (Zero based)
 Heap Region Size: 8M
 Heap Min Capacity: 8M
 Heap Initial Capacity: 640M
 Heap Max Capacity: 10200M
 Pre-touch: Disabled
 Parallel Workers: 15
 Concurrent Workers: 4
 Concurrent Refinement Workers: 15
 Periodic GC: Disabled
Heap:
 garbage-first heap   total 2473984K, used 565898K [0x0000000582800000, 0x0000000800000000)
  region size 8192K, 1 young (8192K), 1 survivors (8192K)
 Metaspace       used 40048K, committed 40512K, reserved 1114112K
  class space    used 5115K, committed 5376K, reserved 1048576K
GC Heap History (20 events):
Event: 5.507 GC heap after
{Heap after GC invocations=38 (full 0):
 garbage-first heap   total 1163264K, used 180442K [0x0000000582800000, 0x0000000800000000)
  region size 8192K, 1 young (8192K), 1 survivors (8192K)
 Metaspace       used 39700K, committed 40192K, reserved 1114112K
  class space    used 5111K, committed 5376K, reserved 1048576K
}
Event: 5.528 GC heap before
{Heap before GC invocations=38 (full 0):
 garbage-first heap   total 1163264K, used 188634K [0x0000000582800000, 0x0000000800000000)
  region size 8192K, 2 young (16384K), 1 survivors (8192K)
 Metaspace       used 39703K, committed 40192K, reserved 1114112K
  class space    used 5111K, committed 5376K, reserved 1048576K
}
Event: 5.529 GC heap after
{Heap after GC invocations=39 (full 0):
 garbage-first heap   total 1163264K, used 123109K [0x0000000582800000, 0x0000000800000000)
  region size 8192K, 1 young (8192K), 1 survivors (8192K)
 Metaspace       used 39703K, committed 40192K, reserved 1114112K
  class space    used 5111K, committed 5376K, reserved 1048576K
}
Event: 5.576 GC heap before
{Heap before GC invocations=39 (full 0):
 garbage-first heap   total 1163264K, used 164069K [0x0000000582800000, 0x0000000800000000)
  region size 8192K, 2 young (16384K), 1 survivors (8192K)
 Metaspace       used 39707K, committed 40192K, reserved 1114112K
  class space    used 5111K, committed 5376K, reserved 1048576K
}
Event: 5.577 GC heap after
{Heap after GC invocations=40 (full 0):
 garbage-first heap   total 1163264K, used 147706K [0x0000000582800000, 0x0000000800000000)
  region size 8192K, 1 young (8192K), 1 survivors (8192K)
 Metaspace       used 39707K, committed 40192K, reserved 1114112K
  class space    used 5111K, committed 5376K, reserved 1048576K
}
Event: 5.597 GC heap before
{Heap before GC invocations=40 (full 0):
 garbage-first heap   total 1163264K, used 155898K [0x0000000582800000, 0x0000000800000000)
  region size 8192K, 2 young (16384K), 1 survivors (8192K)
 Metaspace       used 39708K, committed 40192K, reserved 1114112K
  class space    used 5111K, committed 5376K, reserved 1048576K
}
Event: 5.601 GC heap after
{Heap after GC invocations=41 (full 0):
 garbage-first heap   total 2473984K, used 123124K [0x0000000582800000, 0x0000000800000000)
  region size 8192K, 1 young (8192K), 1 survivors (8192K)
 Metaspace       used 39708K, committed 40192K, reserved 1114112K
  class space    used 5111K, committed 5376K, reserved 1048576K
}
Event: 6.334 GC heap before
{Heap before GC invocations=41 (full 0):
 garbage-first heap   total 2473984K, used 631028K [0x0000000582800000, 0x0000000800000000)
  region size 8192K, 4 young (32768K), 1 survivors (8192K)
 Metaspace       used 39770K, committed 40320K, reserved 1114112K
  class space    used 5113K, committed 5376K, reserved 1048576K
}
Event: 6.336 GC heap after
{Heap after GC invocations=42 (full 0):
 garbage-first heap   total 2473984K, used 598516K [0x0000000582800000, 0x0000000800000000)
  region size 8192K, 1 young (8192K), 1 survivors (8192K)
 Metaspace       used 39770K, committed 40320K, reserved 1114112K
  class space    used 5113K, committed 5376K, reserved 1048576K
}
Event: 6.339 GC heap before
{Heap before GC invocations=42 (full 0):
 garbage-first heap   total 2473984K, used 606708K [0x0000000582800000, 0x0000000800000000)
  region size 8192K, 2 young (16384K), 1 survivors (8192K)
 Metaspace       used 39770K, committed 40320K, reserved 1114112K
  class space    used 5113K, committed 5376K, reserved 1048576K
}
Event: 6.340 GC heap after
{Heap after GC invocations=43 (full 0):
 garbage-first heap   total 2473984K, used 115109K [0x0000000582800000, 0x0000000800000000)
  region size 8192K, 1 young (8192K), 1 survivors (8192K)
 Metaspace       used 39770K, committed 40320K, reserved 1114112K
  class space    used 5113K, committed 5376K, reserved 1048576K
}
Event: 7.032 GC heap before
{Heap before GC invocations=43 (full 0):
 garbage-first heap   total 2473984K, used 614821K [0x0000000582800000, 0x0000000800000000)
  region size 8192K, 4 young (32768K), 1 survivors (8192K)
 Metaspace       used 39923K, committed 40384K, reserved 1114112K
  class space    used 5115K, committed 5376K, reserved 1048576K
}
Event: 7.033 GC heap after
{Heap after GC invocations=44 (full 0):
 garbage-first heap   total 2473984K, used 598626K [0x0000000582800000, 0x0000000800000000)
  region size 8192K, 1 young (8192K), 1 survivors (8192K)
 Metaspace       used 39923K, committed 40384K, reserved 1114112K
  class space    used 5115K, committed 5376K, reserved 1048576K
}
Event: 7.036 GC heap before
{Heap before GC invocations=44 (full 0):
 garbage-first heap   total 2473984K, used 606818K [0x0000000582800000, 0x0000000800000000)
  region size 8192K, 2 young (16384K), 1 survivors (8192K)
 Metaspace       used 39923K, committed 40384K, reserved 1114112K
  class space    used 5115K, committed 5376K, reserved 1048576K
}
Event: 7.037 GC heap after
{Heap after GC invocations=45 (full 0):
 garbage-first heap   total 2473984K, used 115209K [0x0000000582800000, 0x0000000800000000)
  region size 8192K, 1 young (8192K), 1 survivors (8192K)
 Metaspace       used 39923K, committed 40384K, reserved 1114112K
  class space    used 5115K, committed 5376K, reserved 1048576K
}
Event: 7.647 GC heap before
{Heap before GC invocations=45 (full 0):
 garbage-first heap   total 2473984K, used 598537K [0x0000000582800000, 0x0000000800000000)
  region size 8192K, 4 young (32768K), 1 survivors (8192K)
 Metaspace       used 40001K, committed 40512K, reserved 1114112K
  class space    used 5115K, committed 5376K, reserved 1048576K
}
Event: 7.648 GC heap after
{Heap after GC invocations=46 (full 0):
 garbage-first heap   total 2473984K, used 582378K [0x0000000582800000, 0x0000000800000000)
  region size 8192K, 1 young (8192K), 1 survivors (8192K)
 Metaspace       used 40001K, committed 40512K, reserved 1114112K
  class space    used 5115K, committed 5376K, reserved 1048576K
}
Event: 7.651 GC heap before
{Heap before GC invocations=46 (full 0):
 garbage-first heap   total 2473984K, used 590570K [0x0000000582800000, 0x0000000800000000)
  region size 8192K, 2 young (16384K), 1 survivors (8192K)
 Metaspace       used 40001K, committed 40512K, reserved 1114112K
  class space    used 5115K, committed 5376K, reserved 1048576K
}
Event: 7.652 GC heap after
{Heap after GC invocations=47 (full 0):
 garbage-first heap   total 2473984K, used 115357K [0x0000000582800000, 0x0000000800000000)
  region size 8192K, 1 young (8192K), 1 survivors (8192K)
 Metaspace       used 40001K, committed 40512K, reserved 1114112K
  class space    used 5115K, committed 5376K, reserved 1048576K
}
Event: 8.311 GC heap before
{Heap before GC invocations=47 (full 0):
 garbage-first heap   total 2473984K, used 590493K [0x0000000582800000, 0x0000000800000000)
  region size 8192K, 5 young (40960K), 1 survivors (8192K)
 Metaspace       used 40048K, committed 40512K, reserved 1114112K
  class space    used 5115K, committed 5376K, reserved 1048576K
}

