# JRE version: OpenJDK Runtime Environment GraalVM CE 17.0.9+9.1 (17.0.9+9) (build 17.0.9+9-jvmci-23.0-b22)
# Java VM: OpenJDK 64-Bit Server VM GraalVM CE 17.0.9+9.1 (17.0.9+9-jvmci-23.0-b22, mixed mode, sharing, tiered, jvmci, jvmci compiler, compressed oops, compressed class ptrs, g1 gc, windows-amd64)
GC Precious Log:
 CPUs: 20 total, 20 available
 Memory: 32669M
 Large Page Support: Disabled
 NUMA Support: Disabled
 Compressed Oops: Enabled (32-bit)
 Heap Region Size: 1M
 Heap Min Capacity: 256M
 Heap Initial Capacity: 256M
 Heap Max Capacity: 512M
 Pre-touch: Disabled
 Parallel Workers: 15
 Concurrent Workers: 4
 Concurrent Refinement Workers: 15
 Periodic GC: Disabled
Heap:
 garbage-first heap   total 262144K, used 116327K [0x00000000e0000000, 0x0000000100000000)
  region size 1024K, 76 young (77824K), 9 survivors (9216K)
 Metaspace       used 55172K, committed 55808K, reserved 393216K
  class space    used 7578K, committed 7872K, reserved 327680K
GC Heap History (18 events):
Event: 0.360 GC heap before
{Heap before GC invocations=0 (full 0):
 garbage-first heap   total 262144K, used 26624K [0x00000000e0000000, 0x0000000100000000)
  region size 1024K, 23 young (23552K), 0 survivors (0K)
 Metaspace       used 3367K, committed 3584K, reserved 393216K
  class space    used 382K, committed 512K, reserved 327680K
}
Event: 0.363 GC heap after
{Heap after GC invocations=1 (full 0):
 garbage-first heap   total 262144K, used 11152K [0x00000000e0000000, 0x0000000100000000)
  region size 1024K, 3 young (3072K), 3 survivors (3072K)
 Metaspace       used 3367K, committed 3584K, reserved 393216K
  class space    used 382K, committed 512K, reserved 327680K
}
Event: 0.634 GC heap before
{Heap before GC invocations=1 (full 0):
 garbage-first heap   total 262144K, used 37776K [0x00000000e0000000, 0x0000000100000000)
  region size 1024K, 29 young (29696K), 3 survivors (3072K)
 Metaspace       used 4720K, committed 4864K, reserved 393216K
  class space    used 525K, committed 576K, reserved 327680K
}
Event: 0.636 GC heap after
{Heap after GC invocations=2 (full 0):
 garbage-first heap   total 262144K, used 12523K [0x00000000e0000000, 0x0000000100000000)
  region size 1024K, 1 young (1024K), 1 survivors (1024K)
 Metaspace       used 4720K, committed 4864K, reserved 393216K
  class space    used 525K, committed 576K, reserved 327680K
}
Event: 1.919 GC heap before
{Heap before GC invocations=2 (full 0):
 garbage-first heap   total 262144K, used 124139K [0x00000000e0000000, 0x0000000100000000)
  region size 1024K, 110 young (112640K), 1 survivors (1024K)
 Metaspace       used 21199K, committed 21504K, reserved 393216K
  class space    used 2995K, committed 3136K, reserved 327680K
}
Event: 1.929 GC heap after
{Heap after GC invocations=3 (full 0):
 garbage-first heap   total 262144K, used 22768K [0x00000000e0000000, 0x0000000100000000)
  region size 1024K, 11 young (11264K), 11 survivors (11264K)
 Metaspace       used 21199K, committed 21504K, reserved 393216K
  class space    used 2995K, committed 3136K, reserved 327680K
}
Event: 2.947 GC heap before
{Heap before GC invocations=4 (full 0):
 garbage-first heap   total 262144K, used 138480K [0x00000000e0000000, 0x0000000100000000)
  region size 1024K, 121 young (123904K), 11 survivors (11264K)
 Metaspace       used 35560K, committed 35968K, reserved 393216K
  class space    used 4728K, committed 4928K, reserved 327680K
}
Event: 2.954 GC heap after
{Heap after GC invocations=5 (full 0):
 garbage-first heap   total 262144K, used 32253K [0x00000000e0000000, 0x0000000100000000)
  region size 1024K, 20 young (20480K), 20 survivors (20480K)
 Metaspace       used 35560K, committed 35968K, reserved 393216K
  class space    used 4728K, committed 4928K, reserved 327680K
}
Event: 2.966 GC heap before
{Heap before GC invocations=5 (full 0):
 garbage-first heap   total 262144K, used 32253K [0x00000000e0000000, 0x0000000100000000)
  region size 1024K, 21 young (21504K), 20 survivors (20480K)
 Metaspace       used 35726K, committed 36096K, reserved 393216K
  class space    used 4757K, committed 4928K, reserved 327680K
}
Event: 2.972 GC heap after
{Heap after GC invocations=6 (full 0):
 garbage-first heap   total 262144K, used 32267K [0x00000000e0000000, 0x0000000100000000)
  region size 1024K, 2 young (2048K), 2 survivors (2048K)
 Metaspace       used 35726K, committed 36096K, reserved 393216K
  class space    used 4757K, committed 4928K, reserved 327680K
}
Event: 2.985 GC heap before
{Heap before GC invocations=6 (full 0):
 garbage-first heap   total 262144K, used 33291K [0x00000000e0000000, 0x0000000100000000)
  region size 1024K, 4 young (4096K), 2 survivors (2048K)
 Metaspace       used 35866K, committed 36288K, reserved 393216K
  class space    used 4776K, committed 4992K, reserved 327680K
}
Event: 2.986 GC heap after
{Heap after GC invocations=7 (full 0):
 garbage-first heap   total 262144K, used 30960K [0x00000000e0000000, 0x0000000100000000)
  region size 1024K, 1 young (1024K), 1 survivors (1024K)
 Metaspace       used 35866K, committed 36288K, reserved 393216K
  class space    used 4776K, committed 4992K, reserved 327680K
}
Event: 4.122 GC heap before
{Heap before GC invocations=8 (full 0):
 garbage-first heap   total 262144K, used 187632K [0x00000000e0000000, 0x0000000100000000)
  region size 1024K, 153 young (156672K), 1 survivors (1024K)
 Metaspace       used 47650K, committed 48192K, reserved 393216K
  class space    used 6555K, committed 6784K, reserved 327680K
}
Event: 4.127 GC heap after
{Heap after GC invocations=9 (full 0):
 garbage-first heap   total 262144K, used 40072K [0x00000000e0000000, 0x0000000100000000)
  region size 1024K, 10 young (10240K), 10 survivors (10240K)
 Metaspace       used 47650K, committed 48192K, reserved 393216K
  class space    used 6555K, committed 6784K, reserved 327680K
}
Event: 4.136 GC heap before
{Heap before GC invocations=9 (full 0):
 garbage-first heap   total 262144K, used 42120K [0x00000000e0000000, 0x0000000100000000)
  region size 1024K, 12 young (12288K), 10 survivors (10240K)
 Metaspace       used 47662K, committed 48192K, reserved 393216K
  class space    used 6556K, committed 6784K, reserved 327680K
}
Event: 4.140 GC heap after
{Heap after GC invocations=10 (full 0):
 garbage-first heap   total 262144K, used 41256K [0x00000000e0000000, 0x0000000100000000)
  region size 1024K, 2 young (2048K), 2 survivors (2048K)
 Metaspace       used 47662K, committed 48192K, reserved 393216K
  class space    used 6556K, committed 6784K, reserved 327680K
}
Event: 2383.265 GC heap before
{Heap before GC invocations=10 (full 0):
 garbage-first heap   total 262144K, used 193832K [0x00000000e0000000, 0x0000000100000000)
  region size 1024K, 152 young (155648K), 2 survivors (2048K)
 Metaspace       used 54360K, committed 55040K, reserved 393216K
  class space    used 7550K, committed 7808K, reserved 327680K
}
Event: 2383.269 GC heap after
{Heap after GC invocations=11 (full 0):
 garbage-first heap   total 262144K, used 48743K [0x00000000e0000000, 0x0000000100000000)
  region size 1024K, 9 young (9216K), 9 survivors (9216K)
 Metaspace       used 54360K, committed 55040K, reserved 393216K
  class space    used 7550K, committed 7808K, reserved 327680K
}

